// Этот код предназначен для работы с базой данных PostgreSQL на Render.
const express = require('express');
const { Pool } = require('pg');
const cors = require('cors');

const app = express();
const port = process.env.PORT || 3001;

app.use(cors());
app.use(express.json());

const pool = new Pool({
  connectionString: process.env.DATABASE_URL,
  ssl: {
    rejectUnauthorized: false
  }
});

// ... (весь остальной код, который я давал ранее) ...

app.listen(port, () => {
  initializeDatabase().then(() => {
    console.log(`Server is running on port ${port}`);
  });
});
